[2023-02-09T18:56:40.478207+00:00] blog.INFO: Create user command started [] []
[2023-02-12T18:46:20.340026+00:00] blog.NOTICE: Route not found: GET /likePosts1/show [] []
[2023-02-12T18:48:23.660862+00:00] blog.INFO: Saved user with uuid: f56eb654-0559-4157-8887-978f639b9c50 [] []
[2023-02-12T18:49:35.988676+00:00] blog.INFO: Saved post with uuid: dab753c8-0578-4c66-83f6-a685e9a0b374 [] []
[2023-02-12T18:50:38.310456+00:00] blog.INFO: Saved comment with uuid: 7cbaaebf-ccd3-4027-ac28-754f503a2384 [] []
[2023-02-12T18:52:32.328117+00:00] blog.INFO: Saved likePost with uuid: 61c619da-41c1-48d3-b633-42fd72e9976c [] []
[2023-02-12T18:53:59.630940+00:00] blog.INFO: Saved likeComment with uuid: 57631168-6c88-4be0-94c5-43cc634cc41b [] []
[2023-02-16T17:01:51.021259+00:00] blog.INFO: Create user command started [] []
[2023-02-16T17:04:34.310514+00:00] blog.INFO: Create user command started [] []
[2023-02-16T17:04:34.953761+00:00] blog.INFO: User created: 0ec397d6-230a-4283-b002-a89e6f692ae9 [] []
[2023-02-16T17:54:40.540587+00:00] blog.INFO: Create user command started [] []
[2023-02-16T18:19:22.578382+00:00] blog.INFO: Create user command started [] []
[2023-02-16T18:19:45.871715+00:00] blog.INFO: Create user command started [] []
[2023-02-16T18:19:45.988068+00:00] blog.INFO: User created: 850f00af-68f9-4f68-ad01-37a9149ffe04 [] []
[2023-02-16T19:27:26.569992+00:00] blog.INFO: Saved post with uuid: 9ce64016-be9d-4ff5-b557-21740d8af98c [] []
[2023-02-16T19:40:40.863484+00:00] blog.INFO: Create user command started [] []
[2023-02-16T19:40:57.071084+00:00] blog.INFO: Create user command started [] []
[2023-02-16T19:41:27.686390+00:00] blog.INFO: Create user command started [] []
[2023-02-16T19:41:27.801823+00:00] blog.INFO: User created: cb84bf87-7ddd-4e0e-b9f0-7cd9ffc7b99c [] []
[2023-02-16T19:43:00.705480+00:00] blog.INFO: Saved post with uuid: 6f794f3a-2254-4f71-9bcd-dd5be4b4746e [] []
[2023-02-17T14:42:23.107216+00:00] blog.INFO: Create user command started [] []
[2023-02-17T14:43:49.846108+00:00] blog.INFO: Create user command started [] []
[2023-02-17T14:44:39.318612+00:00] blog.INFO: Create user command started [] []
[2023-02-17T14:46:21.309045+00:00] blog.INFO: Create user command started [] []
[2023-02-17T14:46:21.407996+00:00] blog.INFO: User created: e0115d9d-ea8b-40de-8f98-951e27ddbf36 [] []
[2023-02-17T14:48:31.918897+00:00] blog.INFO: Create user command started [] []
[2023-02-17T14:48:32.015622+00:00] blog.INFO: User created: 42f41507-e1b7-4e34-a94b-772f15b44d03 [] []
[2023-02-17T14:55:24.823353+00:00] blog.INFO: Create user command started [] []
[2023-02-17T14:55:24.939079+00:00] blog.INFO: User created: ce171689-696c-46d4-aae1-4ce55b9048fc [] []
[2023-02-17T14:55:54.341497+00:00] blog.INFO: Create user command started [] []
[2023-02-17T14:55:54.928908+00:00] blog.INFO: User created: 05ac3cb4-f664-47c7-b9ac-7bb53401b28e [] []
[2023-02-17T14:57:32.048815+00:00] blog.INFO: Create user command started [] []
[2023-02-17T14:57:32.147569+00:00] blog.INFO: User created: 906149ce-e451-455b-b703-360f1ba9f0df [] []
[2023-02-17T14:57:39.369973+00:00] blog.INFO: Create user command started [] []
[2023-02-17T14:57:39.489153+00:00] blog.INFO: User created: d7f7ff4f-be3c-4e5d-8b41-97ac634cb4ff [] []
[2023-02-17T14:59:36.749627+00:00] blog.INFO: Saved post with uuid: fa1f1aae-650a-4cb1-b120-bc1007c1811c [] []
[2023-02-17T14:59:52.031056+00:00] blog.INFO: Saved post with uuid: 969b051b-6fd9-41d5-b1bb-0f0713dabde9 [] []
[2023-02-17T16:13:06.315071+00:00] blog.NOTICE: Route not found: GET / [] []
[2023-02-17T17:07:44.286181+00:00] blog.NOTICE: Route not found: GET / [] []
[2023-02-17T17:10:20.769511+00:00] blog.INFO: Saved post with uuid: 7ff2c6c2-ce3c-423c-9a6a-6f27b9380697 [] []
[2023-02-17T17:13:53.172209+00:00] blog.INFO: Saved post with uuid: b8f4e26b-0ca4-4d46-9ad9-a4a1459593b8 [] []
[2023-02-17T17:19:15.318643+00:00] blog.INFO: Saved post with uuid: 2a493d23-a734-4386-94ad-c0971a1b20da [] []
[2023-02-17T18:50:50.819995+00:00] blog.INFO: Saved post with uuid: b562cb9d-52b7-4e3b-9d6a-98973897adf0 [] []
[2023-02-18T09:32:36.304062+00:00] blog.INFO: Saved likePost with uuid: 7c222909-f3b7-473f-930b-d9a868fa87e6 [] []
[2023-02-18T09:54:04.253589+00:00] blog.INFO: Saved user with uuid: 32cc6b47-c79a-48e2-b5bc-08b8d4a4dbb9 [] []
[2023-02-18T09:56:13.101514+00:00] blog.INFO: Create user command started [] []
[2023-02-18T09:56:13.236438+00:00] blog.INFO: User created: df955294-dccc-414b-86bb-470e9b4d9893 [] []
[2023-02-18T09:56:39.320370+00:00] blog.INFO: Create user command started [] []
[2023-02-18T10:08:49.137455+00:00] blog.INFO: Saved user with uuid: 4242488d-eb44-48f1-ba13-989f417986cb [] []
[2023-02-18T10:14:51.105771+00:00] blog.INFO: Saved post with uuid: 42641a48-a2d8-4456-b9aa-3a39e81cf2bf [] []
[2023-02-18T10:16:35.073805+00:00] blog.INFO: Saved likePost with uuid: 98f5c8fe-878e-44bc-ae5a-35247bb4a718 [] []
[2023-02-18T10:18:10.567064+00:00] blog.INFO: Saved user with uuid: 8f2bd679-14f5-4b10-bb1c-c7e1b8bedadc [] []
[2023-02-18T10:20:33.258925+00:00] blog.INFO: Saved likePost with uuid: f14d1f03-b8eb-4f2d-89ba-dd075f6e17d0 [] []
[2023-02-18T10:23:54.270424+00:00] blog.INFO: Saved user with uuid: 8de9f22b-5943-431e-8395-58dbd1c82841 [] []
[2023-02-18T15:26:29.007600+00:00] blog.INFO: Saved comment with uuid: b4496050-9673-499e-aec8-a6eb8a20d5a9 [] []
[2023-02-18T15:26:50.789162+00:00] blog.INFO: Saved comment with uuid: 49900aa1-9fb1-49cb-a99e-704f61c51cd1 [] []
[2023-02-18T19:51:17.729169+00:00] blog.NOTICE: Route not found: GET /http.php [] []
[2023-02-18T19:52:54.203405+00:00] blog.NOTICE: Route not found: GET /http.php/users/show [] []
[2023-02-18T19:56:15.520194+00:00] blog.NOTICE: Route not found: GET /http.php [] []
[2023-02-18T20:24:26.727207+00:00] blog.NOTICE: Route not found: GET /http.php [] []
[2023-02-18T20:26:03.670527+00:00] blog.NOTICE: Route not found: GET /http.php [] []
[2023-02-18T20:26:20.313256+00:00] blog.NOTICE: Route not found: GET /http.php/users/show [] []
[2023-02-18T20:40:01.629490+00:00] blog.NOTICE: Route not found: GET /http.php [] []
[2023-02-18T20:40:28.999342+00:00] blog.NOTICE: Route not found: GET /http.php [] []
[2023-02-18T20:40:31.467629+00:00] blog.NOTICE: Route not found: GET /http.php [] []
[2023-02-18T20:40:42.509939+00:00] blog.NOTICE: Route not found: GET /users/show [] []
[2023-02-19T13:38:15.249283+00:00] blog.NOTICE: Route not found: GET /http.php [] []
[2023-02-19T13:55:24.407670+00:00] blog.NOTICE: Route not found: GET /http.php [] []
[2023-02-19T14:04:56.504730+00:00] blog.NOTICE: Route not found: GET /http.php [] []
[2023-02-19T14:31:12.218248+00:00] blog.NOTICE: Route not found: GET / [] []
[2023-02-19T14:47:56.920391+00:00] blog.NOTICE: Route not found: GET /bootstrap.php [] []
[2023-02-19T15:16:00.835013+00:00] blog.INFO: Create user command started [] []
[2023-02-19T15:16:01.336560+00:00] blog.INFO: User created: 0d1b4a76-1431-4c47-a0b6-45c54bd13911 [] []
[2023-02-19T15:17:00.233935+00:00] blog.INFO: Saved user with uuid: 891cc106-6687-4e17-ade9-854bd85861b7 [] []
[2023-02-19T15:20:44.685697+00:00] blog.INFO: Saved post with uuid: 65a02358-2ed0-4264-bc93-63977455dea4 [] []
[2023-02-20T13:10:56.415455+00:00] blog.INFO: Saved likeComment with uuid: 36befee2-0588-433a-bf89-487b199648ba [] []
[2023-02-20T13:15:33.329522+00:00] blog.NOTICE: Route not found: GET /logout [] []
[2023-02-24T10:59:21.533448+00:00] blog.INFO: Saved post with uuid: 52f61fc9-c396-4534-8aa5-25ee4b1633c7 [] []
[2023-02-24T10:59:50.772304+00:00] blog.INFO: Saved post with uuid: ce5711c0-87f0-49f4-8a41-1d3fef1ad6bd [] []
